<?xml version="1.0" encoding="UTF-8"?>
<!-- Generated by org.testng.reporters.JUnitReportReporter -->
<testsuite skipped="0" hostname="DESKTOP-OSGKPDG" name="com.inetbanking.testCases.TC_LoginTest_001" tests="1" failures="0" timestamp="06 Apr 2021 06:25:01 GMT" time="8.406" errors="0">
  <testcase name="loginTest" time="8.406" classname="com.inetbanking.testCases.TC_LoginTest_001"/>
</testsuite> <!-- com.inetbanking.testCases.TC_LoginTest_001 -->
